0 verbose cli /home/nick/.nvm/versions/node/v22.20.0/bin/node /home/nick/.nvm/versions/node/v22.20.0/lib/node_modules/npm/bin/npm-cli.js
1 info using npm@10.9.3
2 info using node@v22.20.0
3 silly config load:file:/home/nick/.nvm/versions/node/v22.20.0/lib/node_modules/npm/npmrc
4 silly config load:file:/home/nick/Github/conbrako-laser/apps/web/.npmrc
5 silly config load:file:/home/nick/.npmrc
6 silly config load:file:/home/nick/.nvm/versions/node/v22.20.0/etc/npmrc
7 verbose title npm exec tsc --noEmit
8 verbose argv "exec" "--" "tsc" "--noEmit"
9 verbose logfile logs-max:10 dir:/home/nick/Github/conbrako-laser/apps/web/.cache/npm/_logs/2026-01-15T16_42_56_924Z-
10 verbose logfile /home/nick/Github/conbrako-laser/apps/web/.cache/npm/_logs/2026-01-15T16_42_56_924Z-debug-0.log
11 silly logfile done cleaning log files
12 http fetch GET 200 https://registry.npmjs.org/npm 167ms
13 verbose cwd /home/nick/Github/conbrako-laser/apps/web
14 verbose os Linux 6.6.87.2-microsoft-standard-WSL2
15 verbose node v22.20.0
16 verbose npm  v10.9.3
17 notice
17 notice New major version of npm available! 10.9.3 -> 11.7.0
17 notice Changelog: https://github.com/npm/cli/releases/tag/v11.7.0
17 notice To update run: npm install -g npm@11.7.0
17 notice  { force: true, [Symbol(proc-log.meta)]: true }
18 verbose exit 2
19 verbose code 2
